<?xml version="1.0" encoding="UTF-8"?>
<!-- Generated by org.testng.reporters.JUnitXMLReporter -->
<testsuite hostname="pre3147530" ignored="0" name="Adidas Test" tests="8" failures="0" timestamp="20 Jan 2021 08:35:18 GMT" time="60.037" errors="0">
  <testcase name="navigatePhone" time="0.862" classname="com.adidas.Test.StoreTest"/>
  <testcase name="navigateMonitor" time="1.012" classname="com.adidas.Test.StoreTest"/>
  <testcase name="navigateLaptop" time="1.033" classname="com.adidas.Test.StoreTest"/>
  <testcase name="addSony" time="9.029" classname="com.adidas.Test.StoreTest"/>
  <testcase name="addDell" time="8.271" classname="com.adidas.Test.StoreTest"/>
  <testcase name="deleteDell" time="13.684" classname="com.adidas.Test.StoreTest">
    <skipped/>
  </testcase> <!-- deleteDell -->
  <testcase name="deleteDell" time="7.661" classname="com.adidas.Test.StoreTest"/>
  <testcase name="purchaseItem" time="8.876" classname="com.adidas.Test.StoreTest"/>
</testsuite> <!-- Adidas Test -->
