<?xml version="1.0" encoding="UTF-8"?>
<!-- Generated by org.testng.reporters.JUnitXMLReporter -->
<testsuite hostname="pre3147530" ignored="0" name="Default test" tests="4" failures="0" timestamp="20 Jan 2021 10:55:07 GMT" time="10.136" errors="0">
  <testcase name="getAvailablePets" time="4.898" classname="com.adidas.Test.APITest"/>
  <testcase name="addPet" time="1.513" classname="com.adidas.Test.APITest"/>
  <testcase name="updatePetStatus" time="1.56" classname="com.adidas.Test.APITest"/>
  <testcase name="deletePet" time="1.525" classname="com.adidas.Test.APITest"/>
</testsuite> <!-- Default test -->
