<?xml version="1.0" encoding="UTF-8"?>
<!-- Generated by org.testng.reporters.JUnitXMLReporter -->
<testsuite hostname="pre3147530" ignored="0" name="Adidas Test" tests="12" failures="0" timestamp="20 Jan 2021 11:32:03 GMT" time="60.382" errors="0">
  <testcase name="getAvailablePets" time="4.651" classname="com.adidas.Test.APITest"/>
  <testcase name="navigatePhone" time="0.89" classname="com.adidas.Test.StoreTest"/>
  <testcase name="navigateMonitor" time="1.116" classname="com.adidas.Test.StoreTest"/>
  <testcase name="addPet" time="1.589" classname="com.adidas.Test.APITest"/>
  <testcase name="navigateLaptop" time="1.22" classname="com.adidas.Test.StoreTest"/>
  <testcase name="updatePetStatus" time="1.615" classname="com.adidas.Test.APITest"/>
  <testcase name="deletePet" time="1.435" classname="com.adidas.Test.APITest"/>
  <testcase name="addSony" time="8.577" classname="com.adidas.Test.StoreTest"/>
  <testcase name="addDell" time="7.871" classname="com.adidas.Test.StoreTest"/>
  <testcase name="deleteDell" time="13.762" classname="com.adidas.Test.StoreTest">
    <skipped/>
  </testcase> <!-- deleteDell -->
  <testcase name="deleteDell" time="7.771" classname="com.adidas.Test.StoreTest"/>
  <testcase name="purchaseItem" time="9.016" classname="com.adidas.Test.StoreTest"/>
</testsuite> <!-- Adidas Test -->
