<?xml version="1.0" encoding="UTF-8"?>
<testsuite xmlns:xsi="http://www.w3.org/2001/XMLSchema-instance" xsi:noNamespaceSchemaLocation="https://maven.apache.org/surefire/maven-surefire-plugin/xsd/surefire-test-report-3.0.xsd" version="3.0" name="TestSuite" time="61.19" tests="8" errors="0" skipped="1" failures="0">
  <properties>
[...]
</properties>
  <testcase name="navigatePhone" classname="com.adidas.Test.StoreTest" time="1.169"/>
  <testcase name="navigateMonitor" classname="com.adidas.Test.StoreTest" time="1.022"/>
  <testcase name="navigateLaptop" classname="com.adidas.Test.StoreTest" time="1.057"/>
  <testcase name="addSony" classname="com.adidas.Test.StoreTest" time="9.049"/>
  <testcase name="addDell" classname="com.adidas.Test.StoreTest" time="8.284"/>
  <testcase name="deleteDell" classname="com.adidas.Test.StoreTest" time="0">
    <skipped message="expected [true] but found [false]"/>
    <system-out><![CDATA[[INFO]-[2021-01-20 14:04:47.160]-[main]-[onTestStart]-[TestListener.java:37]-Test case Started: deleteDell
[INFO]-[2021-01-20 14:04:47.161]-[main]-[beforeFindBy]-[WebdriverListeners.java:75]-Finding Element By: By.xpath: //a[@href='cart.html' and @class='nav-link'] and Element: null
[INFO]-[2021-01-20 14:04:47.170]-[main]-[afterFindBy]-[WebdriverListeners.java:80]-Element Found By: By.xpath: //a[@href='cart.html' and @class='nav-link'] and Element: [[ChromeDriver: chrome on WINDOWS (9e436c0b1973ba1fe8294c4d18180d4f)] -> xpath: //a[@href='cart.html' and @class='nav-link']]
[INFO]-[2021-01-20 14:04:47.196]-[main]-[beforeFindBy]-[WebdriverListeners.java:75]-Finding Element By: By.xpath: //a[@href='cart.html' and @class='nav-link'] and Element: null
[INFO]-[2021-01-20 14:04:47.205]-[main]-[afterFindBy]-[WebdriverListeners.java:80]-Element Found By: By.xpath: //a[@href='cart.html' and @class='nav-link'] and Element: [[ChromeDriver: chrome on WINDOWS (9e436c0b1973ba1fe8294c4d18180d4f)] -> xpath: //a[@href='cart.html' and @class='nav-link']]
[INFO]-[2021-01-20 14:04:47.206]-[main]-[beforeClickOn]-[WebdriverListeners.java:85]-Clicking on Element: [[ChromeDriver: chrome on WINDOWS (9e436c0b1973ba1fe8294c4d18180d4f)] -> xpath: //a[@href='cart.html' and @class='nav-link']]
[INFO]-[2021-01-20 14:04:47.234]-[main]-[afterClickOn]-[WebdriverListeners.java:90]-Clicked on Element: [[ChromeDriver: chrome on WINDOWS (9e436c0b1973ba1fe8294c4d18180d4f)] -> xpath: //a[@href='cart.html' and @class='nav-link']]
[INFO]-[2021-01-20 14:04:50.235]-[main]-[beforeFindBy]-[WebdriverListeners.java:75]-Finding Element By: By.xpath: //tbody[@id='tbodyid']/tr/td[contains(text(),'Dell i7 8gb')] and Element: null
[ERROR]-[2021-01-20 14:05:00.265]-[main]-[onException]-[WebdriverListeners.java:125]-Exception is: org.openqa.selenium.NoSuchElementException: no such element: Unable to locate element: {"method":"xpath","selector":"//tbody[@id='tbodyid']/tr/td[contains(text(),'Dell i7 8gb')]"}
  (Session info: chrome=87.0.4280.141)
For documentation on this error, please visit: https://www.seleniumhq.org/exceptions/no_such_element.html
Build info: version: '3.141.59', revision: 'e82be7d358', time: '2018-11-14T08:17:03'
System info: host: 'PRE3147530', ip: '192.168.1.12', os.name: 'Windows 10', os.arch: 'amd64', os.version: '10.0', java.version: '1.8.0_161'
Driver info: org.openqa.selenium.chrome.ChromeDriver
Capabilities {acceptInsecureCerts: false, browserName: chrome, browserVersion: 87.0.4280.141, chrome: {chromedriverVersion: 87.0.4280.88 (89e2380a3e36c..., userDataDir: C:\Users\PRERIT~1\AppData\L...}, goog:chromeOptions: {debuggerAddress: localhost:56369}, javascriptEnabled: true, networkConnectionEnabled: false, pageLoadStrategy: normal, platform: WINDOWS, platformName: WINDOWS, proxy: Proxy(), setWindowRect: true, strictFileInteractability: false, timeouts: {implicit: 0, pageLoad: 300000, script: 30000}, unhandledPromptBehavior: dismiss and notify, webauthn:virtualAuthenticators: true}
Session ID: 9e436c0b1973ba1fe8294c4d18180d4f
*** Element info: {Using=xpath, value=//tbody[@id='tbodyid']/tr/td[contains(text(),'Dell i7 8gb')]}
[ERROR]-[2021-01-20 14:05:00.265]-[main]-[getText]-[FunctionsClass.java:496]-org.openqa.selenium.NoSuchElementException: no such element: Unable to locate element: {"method":"xpath","selector":"//tbody[@id='tbodyid']/tr/td[contains(text(),'Dell i7 8gb')]"}
  (Session info: chrome=87.0.4280.141)
For documentation on this error, please visit: https://www.seleniumhq.org/exceptions/no_such_element.html
Build info: version: '3.141.59', revision: 'e82be7d358', time: '2018-11-14T08:17:03'
System info: host: 'PRE3147530', ip: '192.168.1.12', os.name: 'Windows 10', os.arch: 'amd64', os.version: '10.0', java.version: '1.8.0_161'
Driver info: org.openqa.selenium.chrome.ChromeDriver
Capabilities {acceptInsecureCerts: false, browserName: chrome, browserVersion: 87.0.4280.141, chrome: {chromedriverVersion: 87.0.4280.88 (89e2380a3e36c..., userDataDir: C:\Users\PRERIT~1\AppData\L...}, goog:chromeOptions: {debuggerAddress: localhost:56369}, javascriptEnabled: true, networkConnectionEnabled: false, pageLoadStrategy: normal, platform: WINDOWS, platformName: WINDOWS, proxy: Proxy(), setWindowRect: true, strictFileInteractability: false, timeouts: {implicit: 0, pageLoad: 300000, script: 30000}, unhandledPromptBehavior: dismiss and notify, webauthn:virtualAuthenticators: true}
Session ID: 9e436c0b1973ba1fe8294c4d18180d4f
*** Element info: {Using=xpath, value=//tbody[@id='tbodyid']/tr/td[contains(text(),'Dell i7 8gb')]}
[ERROR]-[2021-01-20 14:05:00.266]-[main]-[deleteItem]-[HomePage.java:145]-java.lang.NullPointerException
[INFO]-[2021-01-20 14:05:00.266]-[main]-[beforeGetScreenshotAs]-[WebdriverListeners.java:130]-Taking screenshot: OutputType.FILE
[INFO]-[2021-01-20 14:05:00.841]-[main]-[afterGetScreenshotAs]-[WebdriverListeners.java:135]-Screenshot taken: C:\Users\PRERIT~1\AppData\Local\Temp\screenshot6904441339672149014.png
[INFO]-[2021-01-20 14:05:00.845]-[main]-[retry]-[RetryAnalyzer.java:16]-Retrying deleteDell again and the count is 1
[WARN]-[2021-01-20 14:05:00.845]-[main]-[onTestSkipped]-[TestListener.java:58]-Test case Skipped: deleteDell
]]></system-out>
  </testcase>
  <testcase name="deleteDell" classname="com.adidas.Test.StoreTest" time="7.679"/>
  <testcase name="purchaseItem" classname="com.adidas.Test.StoreTest" time="8.897"/>
</testsuite>