<?xml version="1.0" encoding="UTF-8"?>
<!-- Generated by org.testng.reporters.JUnitXMLReporter -->
<testsuite hostname="pre3147530" ignored="0" name="Adidas Test" tests="7" failures="0" timestamp="20 Jan 2021 07:53:57 GMT" time="44.775" errors="0">
  <testcase name="navigatePhone" time="0.777" classname="com.adidas.Test.StoreTest"/>
  <testcase name="navigateMonitor" time="1.076" classname="com.adidas.Test.StoreTest"/>
  <testcase name="navigateLaptop" time="1.054" classname="com.adidas.Test.StoreTest"/>
  <testcase name="addSony" time="8.864" classname="com.adidas.Test.StoreTest"/>
  <testcase name="addDell" time="6.91" classname="com.adidas.Test.StoreTest"/>
  <testcase name="deleteDell" time="7.838" classname="com.adidas.Test.StoreTest"/>
  <testcase name="purchaseItem" time="8.857" classname="com.adidas.Test.StoreTest"/>
</testsuite> <!-- Adidas Test -->
