<?xml version="1.0" encoding="UTF-8"?>
<!-- Generated by org.testng.reporters.JUnitXMLReporter -->
<testsuite hostname="pre3147530" ignored="0" name="Adidas API Test" tests="4" failures="0" timestamp="20 Jan 2021 11:06:32 GMT" time="9.484" errors="0">
  <testcase name="getAvailablePets" time="4.742" classname="com.adidas.Test.APITest"/>
  <testcase name="addPet" time="1.592" classname="com.adidas.Test.APITest"/>
  <testcase name="updatePetStatus" time="1.516" classname="com.adidas.Test.APITest"/>
  <testcase name="deletePet" time="1.625" classname="com.adidas.Test.APITest"/>
</testsuite> <!-- Adidas API Test -->
